2026-03-25 15:45:05,129 - INFO - ==================================================
2026-03-25 15:45:05,129 - INFO - 开始执行概念板块资金流数据获取程序
2026-03-25 15:45:05,129 - INFO - ==================================================
2026-03-25 15:45:05,137 - INFO - 概念板块资金流表及索引创建成功
2026-03-25 15:45:05,144 - INFO - 概念板块资金流表字段注释添加成功
2026-03-25 15:45:05,145 - INFO - 概念板块资金流表结构初始化完成
2026-03-25 15:45:06,866 - INFO - 开始获取「即时」类型的概念板块资金流数据
2026-03-25 15:45:07,721 - INFO - 成功获取「即时」类型的概念板块资金流数据，共 387 条
2026-03-25 15:45:08,873 - INFO - 成功批量插入 387 条概念板块资金流数据
2026-03-25 15:45:10,650 - INFO - 开始获取「3日排行」类型的概念板块资金流数据
2026-03-25 15:45:12,355 - INFO - 成功获取「3日排行」类型的概念板块资金流数据，共 387 条
2026-03-25 15:45:13,121 - INFO - 成功批量插入 387 条概念板块资金流数据
2026-03-25 15:45:15,119 - INFO - 开始获取「5日排行」类型的概念板块资金流数据
2026-03-25 15:45:16,739 - INFO - 成功获取「5日排行」类型的概念板块资金流数据，共 387 条
2026-03-25 15:45:17,151 - INFO - 成功批量插入 387 条概念板块资金流数据
2026-03-25 15:45:17,153 - INFO - 累计提交 1161 条概念板块资金流数据
2026-03-25 15:45:18,921 - INFO - 开始获取「10日排行」类型的概念板块资金流数据
2026-03-25 15:45:20,591 - INFO - 成功获取「10日排行」类型的概念板块资金流数据，共 387 条
2026-03-25 15:45:20,844 - INFO - 成功批量插入 387 条概念板块资金流数据
2026-03-25 15:45:20,847 - INFO - 累计提交 1548 条概念板块资金流数据
2026-03-25 15:45:23,216 - INFO - 开始获取「20日排行」类型的概念板块资金流数据
2026-03-25 15:45:25,447 - INFO - 成功获取「20日排行」类型的概念板块资金流数据，共 387 条
2026-03-25 15:45:25,827 - INFO - 成功批量插入 387 条概念板块资金流数据
2026-03-25 15:45:25,830 - INFO - 累计提交 1935 条概念板块资金流数据
2026-03-25 15:45:25,830 - INFO - 所有类型数据处理完成，累计入库 1935 条概念板块资金流数据
2026-03-25 15:45:25,831 - INFO - ==================================================
2026-03-25 15:45:25,831 - INFO - 概念板块资金流数据获取程序执行结束
2026-03-25 15:45:25,831 - INFO - ==================================================
