2026-03-25 15:05:05,288 - INFO - 表结构和索引创建成功
2026-03-25 15:05:05,299 - INFO - 列注释添加成功
2026-03-25 15:05:05,301 - INFO - 数据库表结构初始化完成
2026-03-25 15:05:07,791 - INFO - 获取 即时 资金流数据...
2026-03-25 15:05:35,270 - INFO - 即时 资金流数据处理完成，新增 5182 条记录
2026-03-25 15:05:35,272 - INFO - 已提交 5182 条数据到数据库
2026-03-25 15:05:37,700 - INFO - 获取 3日排行 资金流数据...
2026-03-25 15:06:04,011 - INFO - 3日排行 资金流数据处理完成，新增 5182 条记录
2026-03-25 15:06:04,014 - INFO - 已提交 5182 条数据到数据库
2026-03-25 15:06:05,604 - INFO - 获取 5日排行 资金流数据...
2026-03-25 15:06:29,178 - INFO - 5日排行 资金流数据处理完成，新增 5182 条记录
2026-03-25 15:06:29,183 - INFO - 已提交 5182 条数据到数据库
2026-03-25 15:06:31,627 - INFO - 获取 10日排行 资金流数据...
2026-03-25 15:06:54,622 - INFO - 10日排行 资金流数据处理完成，新增 5182 条记录
2026-03-25 15:06:54,626 - INFO - 已提交 5182 条数据到数据库
2026-03-25 15:06:56,562 - INFO - 获取 20日排行 资金流数据...
2026-03-25 15:07:19,875 - INFO - 20日排行 资金流数据处理完成，新增 5182 条记录
2026-03-25 15:07:19,879 - INFO - 已提交 5182 条数据到数据库
2026-03-25 15:07:19,880 - INFO - 所有类型的资金流数据获取和保存完成！
2026-03-26 15:05:07,080 - INFO - 表结构和索引创建成功
2026-03-26 15:05:07,128 - INFO - 列注释添加成功
2026-03-26 15:05:07,130 - INFO - 数据库表结构初始化完成
2026-03-26 15:05:09,246 - INFO - 获取 即时 资金流数据...
2026-03-26 15:05:36,636 - INFO - 即时 资金流数据处理完成，新增 5181 条记录
2026-03-26 15:05:36,639 - INFO - 已提交 5181 条数据到数据库
2026-03-26 15:05:38,612 - INFO - 获取 3日排行 资金流数据...
2026-03-26 15:06:04,314 - INFO - 3日排行 资金流数据处理完成，新增 5181 条记录
2026-03-26 15:06:04,316 - INFO - 已提交 5181 条数据到数据库
2026-03-26 15:06:06,610 - INFO - 获取 5日排行 资金流数据...
2026-03-26 15:06:31,294 - INFO - 5日排行 资金流数据处理完成，新增 5181 条记录
2026-03-26 15:06:31,297 - INFO - 已提交 5181 条数据到数据库
2026-03-26 15:06:33,652 - INFO - 获取 10日排行 资金流数据...
2026-03-26 15:06:57,982 - INFO - 10日排行 资金流数据处理完成，新增 5181 条记录
2026-03-26 15:06:57,987 - INFO - 已提交 5181 条数据到数据库
2026-03-26 15:06:59,636 - INFO - 获取 20日排行 资金流数据...
2026-03-26 15:07:31,186 - INFO - 20日排行 资金流数据处理完成，新增 5181 条记录
2026-03-26 15:07:31,191 - INFO - 已提交 5181 条数据到数据库
2026-03-26 15:07:31,191 - INFO - 所有类型的资金流数据获取和保存完成！
